<?xml version="1.0" encoding="UTF-8"?>
<!-- Generated by org.testng.reporters.JUnitReportReporter -->
<testsuite hostname="LAPTOP-P620LIN7" failures="0" tests="1" name="tests.ContactTest" time="1.223" errors="0" timestamp="26 Mar 2022 23:09:23 GMT" skipped="0">
  <testcase classname="tests.ContactTest" name="ContactUs" time="1.223"/>
</testsuite> <!-- tests.ContactTest -->
