<?xml version="1.0" encoding="UTF-8"?>
<!-- Generated by org.testng.reporters.JUnitReportReporter -->
<testsuite hostname="LAPTOP-P620LIN7" failures="0" tests="1" name="tests.LoginTest" time="2.278" errors="0" timestamp="26 Mar 2022 21:59:32 GMT" skipped="0">
  <testcase classname="tests.LoginTest" name="LoginSuccssfully" time="2.278"/>
</testsuite> <!-- tests.LoginTest -->
